{"/home/ec2-user/environment/js130/IntroToTesting/ToDo/todo.js": {"path":"/home/ec2-user/environment/js130/IntroToTesting/ToDo/todo.js","statementMap":{"0":{"start":{"line":2,"column":23},"end":{"line":2,"column":26}},"1":{"start":{"line":3,"column":25},"end":{"line":3,"column":28}},"2":{"start":{"line":6,"column":4},"end":{"line":6,"column":23}},"3":{"start":{"line":7,"column":4},"end":{"line":7,"column":22}},"4":{"start":{"line":11,"column":17},"end":{"line":11,"column":70}},"5":{"start":{"line":12,"column":4},"end":{"line":12,"column":39}},"6":{"start":{"line":16,"column":4},"end":{"line":16,"column":21}},"7":{"start":{"line":20,"column":4},"end":{"line":20,"column":22}},"8":{"start":{"line":24,"column":4},"end":{"line":24,"column":21}},"9":{"start":{"line":28,"column":4},"end":{"line":28,"column":22}},"10":{"start":{"line":32,"column":0},"end":{"line":32,"column":22}}},"fnMap":{"0":{"name":"(anonymous_0)","decl":{"start":{"line":5,"column":2},"end":{"line":5,"column":3}},"loc":{"start":{"line":5,"column":21},"end":{"line":8,"column":3}},"line":5},"1":{"name":"(anonymous_1)","decl":{"start":{"line":10,"column":2},"end":{"line":10,"column":3}},"loc":{"start":{"line":10,"column":13},"end":{"line":13,"column":3}},"line":10},"2":{"name":"(anonymous_2)","decl":{"start":{"line":15,"column":2},"end":{"line":15,"column":3}},"loc":{"start":{"line":15,"column":13},"end":{"line":17,"column":3}},"line":15},"3":{"name":"(anonymous_3)","decl":{"start":{"line":19,"column":2},"end":{"line":19,"column":3}},"loc":{"start":{"line":19,"column":15},"end":{"line":21,"column":3}},"line":19},"4":{"name":"(anonymous_4)","decl":{"start":{"line":23,"column":2},"end":{"line":23,"column":3}},"loc":{"start":{"line":23,"column":11},"end":{"line":25,"column":3}},"line":23},"5":{"name":"(anonymous_5)","decl":{"start":{"line":27,"column":2},"end":{"line":27,"column":3}},"loc":{"start":{"line":27,"column":13},"end":{"line":29,"column":3}},"line":27}},"branchMap":{"0":{"loc":{"start":{"line":11,"column":17},"end":{"line":11,"column":70}},"type":"cond-expr","locations":[{"start":{"line":11,"column":33},"end":{"line":11,"column":49}},{"start":{"line":11,"column":52},"end":{"line":11,"column":70}}],"line":11}},"s":{"0":1,"1":1,"2":66,"3":66,"4":11,"5":11,"6":15,"7":1,"8":33,"9":3,"10":1},"f":{"0":66,"1":11,"2":15,"3":1,"4":33,"5":3},"b":{"0":[6,5]},"_coverageSchema":"1a1c01bbd47fc00a2c39e90264f33305004495a9","hash":"2c9948dddaa2dc9705b36eb52bddcf4a306ca831"}
,"/home/ec2-user/environment/js130/IntroToTesting/ToDo/todolist.js": {"path":"/home/ec2-user/environment/js130/IntroToTesting/ToDo/todolist.js","statementMap":{"0":{"start":{"line":1,"column":13},"end":{"line":1,"column":33}},"1":{"start":{"line":5,"column":4},"end":{"line":5,"column":23}},"2":{"start":{"line":6,"column":4},"end":{"line":6,"column":20}},"3":{"start":{"line":10,"column":16},"end":{"line":10,"column":46}},"4":{"start":{"line":11,"column":15},"end":{"line":11,"column":65}},"5":{"start":{"line":11,"column":38},"end":{"line":11,"column":53}},"6":{"start":{"line":12,"column":4},"end":{"line":12,"column":31}},"7":{"start":{"line":17,"column":4},"end":{"line":17,"column":33}},"8":{"start":{"line":21,"column":18},"end":{"line":21,"column":42}},"9":{"start":{"line":22,"column":19},"end":{"line":23,"column":64}},"10":{"start":{"line":23,"column":46},"end":{"line":23,"column":63}},"11":{"start":{"line":24,"column":4},"end":{"line":24,"column":19}},"12":{"start":{"line":28,"column":4},"end":{"line":28,"column":50}},"13":{"start":{"line":32,"column":4},"end":{"line":32,"column":22}},"14":{"start":{"line":36,"column":4},"end":{"line":36,"column":66}},"15":{"start":{"line":36,"column":31},"end":{"line":36,"column":56}},"16":{"start":{"line":40,"column":4},"end":{"line":44,"column":5}},"17":{"start":{"line":41,"column":6},"end":{"line":41,"column":28}},"18":{"start":{"line":43,"column":6},"end":{"line":43,"column":81}},"19":{"start":{"line":48,"column":4},"end":{"line":48,"column":29}},"20":{"start":{"line":52,"column":4},"end":{"line":52,"column":25}},"21":{"start":{"line":56,"column":4},"end":{"line":56,"column":39}},"22":{"start":{"line":60,"column":4},"end":{"line":60,"column":31}},"23":{"start":{"line":61,"column":4},"end":{"line":61,"column":29}},"24":{"start":{"line":65,"column":4},"end":{"line":67,"column":5}},"25":{"start":{"line":66,"column":6},"end":{"line":66,"column":58}},"26":{"start":{"line":71,"column":4},"end":{"line":71,"column":31}},"27":{"start":{"line":72,"column":4},"end":{"line":72,"column":34}},"28":{"start":{"line":76,"column":4},"end":{"line":76,"column":31}},"29":{"start":{"line":77,"column":4},"end":{"line":77,"column":36}},"30":{"start":{"line":81,"column":20},"end":{"line":81,"column":43}},"31":{"start":{"line":83,"column":4},"end":{"line":85,"column":5}},"32":{"start":{"line":84,"column":6},"end":{"line":84,"column":27}},"33":{"start":{"line":89,"column":4},"end":{"line":89,"column":42}},"34":{"start":{"line":89,"column":25},"end":{"line":89,"column":40}},"35":{"start":{"line":93,"column":4},"end":{"line":93,"column":44}},"36":{"start":{"line":93,"column":25},"end":{"line":93,"column":42}},"37":{"start":{"line":97,"column":4},"end":{"line":97,"column":53}},"38":{"start":{"line":97,"column":37},"end":{"line":97,"column":50}},"39":{"start":{"line":101,"column":4},"end":{"line":101,"column":46}},"40":{"start":{"line":101,"column":31},"end":{"line":101,"column":44}},"41":{"start":{"line":105,"column":4},"end":{"line":105,"column":47}},"42":{"start":{"line":105,"column":31},"end":{"line":105,"column":45}},"43":{"start":{"line":109,"column":4},"end":{"line":109,"column":30}},"44":{"start":{"line":113,"column":4},"end":{"line":113,"column":27}},"45":{"start":{"line":117,"column":4},"end":{"line":117,"column":31}},"46":{"start":{"line":118,"column":4},"end":{"line":118,"column":39}},"47":{"start":{"line":122,"column":0},"end":{"line":122,"column":26}}},"fnMap":{"0":{"name":"(anonymous_0)","decl":{"start":{"line":4,"column":2},"end":{"line":4,"column":3}},"loc":{"start":{"line":4,"column":21},"end":{"line":7,"column":3}},"line":4},"1":{"name":"(anonymous_1)","decl":{"start":{"line":9,"column":2},"end":{"line":9,"column":3}},"loc":{"start":{"line":9,"column":13},"end":{"line":14,"column":3}},"line":9},"2":{"name":"(anonymous_2)","decl":{"start":{"line":11,"column":30},"end":{"line":11,"column":31}},"loc":{"start":{"line":11,"column":38},"end":{"line":11,"column":53}},"line":11},"3":{"name":"(anonymous_3)","decl":{"start":{"line":16,"column":2},"end":{"line":16,"column":3}},"loc":{"start":{"line":16,"column":20},"end":{"line":18,"column":3}},"line":16},"4":{"name":"(anonymous_4)","decl":{"start":{"line":20,"column":2},"end":{"line":20,"column":3}},"loc":{"start":{"line":20,"column":19},"end":{"line":25,"column":3}},"line":20},"5":{"name":"(anonymous_5)","decl":{"start":{"line":23,"column":38},"end":{"line":23,"column":39}},"loc":{"start":{"line":23,"column":46},"end":{"line":23,"column":63}},"line":23},"6":{"name":"(anonymous_6)","decl":{"start":{"line":27,"column":2},"end":{"line":27,"column":3}},"loc":{"start":{"line":27,"column":12},"end":{"line":29,"column":3}},"line":27},"7":{"name":"(anonymous_7)","decl":{"start":{"line":31,"column":2},"end":{"line":31,"column":3}},"loc":{"start":{"line":31,"column":13},"end":{"line":33,"column":3}},"line":31},"8":{"name":"(anonymous_8)","decl":{"start":{"line":35,"column":2},"end":{"line":35,"column":3}},"loc":{"start":{"line":35,"column":21},"end":{"line":37,"column":3}},"line":35},"9":{"name":"(anonymous_9)","decl":{"start":{"line":36,"column":23},"end":{"line":36,"column":24}},"loc":{"start":{"line":36,"column":31},"end":{"line":36,"column":56}},"line":36},"10":{"name":"(anonymous_10)","decl":{"start":{"line":39,"column":2},"end":{"line":39,"column":3}},"loc":{"start":{"line":39,"column":12},"end":{"line":45,"column":3}},"line":39},"11":{"name":"(anonymous_11)","decl":{"start":{"line":47,"column":2},"end":{"line":47,"column":3}},"loc":{"start":{"line":47,"column":9},"end":{"line":49,"column":3}},"line":47},"12":{"name":"(anonymous_12)","decl":{"start":{"line":51,"column":2},"end":{"line":51,"column":3}},"loc":{"start":{"line":51,"column":10},"end":{"line":53,"column":3}},"line":51},"13":{"name":"(anonymous_13)","decl":{"start":{"line":55,"column":2},"end":{"line":55,"column":3}},"loc":{"start":{"line":55,"column":9},"end":{"line":57,"column":3}},"line":55},"14":{"name":"(anonymous_14)","decl":{"start":{"line":59,"column":2},"end":{"line":59,"column":3}},"loc":{"start":{"line":59,"column":16},"end":{"line":62,"column":3}},"line":59},"15":{"name":"(anonymous_15)","decl":{"start":{"line":64,"column":2},"end":{"line":64,"column":3}},"loc":{"start":{"line":64,"column":24},"end":{"line":68,"column":3}},"line":64},"16":{"name":"(anonymous_16)","decl":{"start":{"line":70,"column":2},"end":{"line":70,"column":3}},"loc":{"start":{"line":70,"column":20},"end":{"line":73,"column":3}},"line":70},"17":{"name":"(anonymous_17)","decl":{"start":{"line":75,"column":2},"end":{"line":75,"column":3}},"loc":{"start":{"line":75,"column":22},"end":{"line":78,"column":3}},"line":75},"18":{"name":"(anonymous_18)","decl":{"start":{"line":80,"column":2},"end":{"line":80,"column":3}},"loc":{"start":{"line":80,"column":18},"end":{"line":86,"column":3}},"line":80},"19":{"name":"(anonymous_19)","decl":{"start":{"line":88,"column":2},"end":{"line":88,"column":3}},"loc":{"start":{"line":88,"column":16},"end":{"line":90,"column":3}},"line":88},"20":{"name":"(anonymous_20)","decl":{"start":{"line":89,"column":17},"end":{"line":89,"column":18}},"loc":{"start":{"line":89,"column":25},"end":{"line":89,"column":40}},"line":89},"21":{"name":"(anonymous_21)","decl":{"start":{"line":92,"column":2},"end":{"line":92,"column":3}},"loc":{"start":{"line":92,"column":18},"end":{"line":94,"column":3}},"line":92},"22":{"name":"(anonymous_22)","decl":{"start":{"line":93,"column":17},"end":{"line":93,"column":18}},"loc":{"start":{"line":93,"column":25},"end":{"line":93,"column":42}},"line":93},"23":{"name":"(anonymous_23)","decl":{"start":{"line":96,"column":2},"end":{"line":96,"column":3}},"loc":{"start":{"line":96,"column":11},"end":{"line":98,"column":3}},"line":96},"24":{"name":"(anonymous_24)","decl":{"start":{"line":97,"column":29},"end":{"line":97,"column":30}},"loc":{"start":{"line":97,"column":37},"end":{"line":97,"column":50}},"line":97},"25":{"name":"(anonymous_25)","decl":{"start":{"line":100,"column":2},"end":{"line":100,"column":3}},"loc":{"start":{"line":100,"column":12},"end":{"line":102,"column":3}},"line":100},"26":{"name":"(anonymous_26)","decl":{"start":{"line":101,"column":23},"end":{"line":101,"column":24}},"loc":{"start":{"line":101,"column":31},"end":{"line":101,"column":44}},"line":101},"27":{"name":"(anonymous_27)","decl":{"start":{"line":104,"column":2},"end":{"line":104,"column":3}},"loc":{"start":{"line":104,"column":15},"end":{"line":106,"column":3}},"line":104},"28":{"name":"(anonymous_28)","decl":{"start":{"line":105,"column":23},"end":{"line":105,"column":24}},"loc":{"start":{"line":105,"column":31},"end":{"line":105,"column":45}},"line":105},"29":{"name":"(anonymous_29)","decl":{"start":{"line":108,"column":2},"end":{"line":108,"column":3}},"loc":{"start":{"line":108,"column":10},"end":{"line":110,"column":3}},"line":108},"30":{"name":"(anonymous_30)","decl":{"start":{"line":112,"column":2},"end":{"line":112,"column":3}},"loc":{"start":{"line":112,"column":8},"end":{"line":114,"column":3}},"line":112},"31":{"name":"(anonymous_31)","decl":{"start":{"line":116,"column":2},"end":{"line":116,"column":3}},"loc":{"start":{"line":116,"column":18},"end":{"line":119,"column":3}},"line":116}},"branchMap":{"0":{"loc":{"start":{"line":40,"column":4},"end":{"line":44,"column":5}},"type":"if","locations":[{"start":{"line":40,"column":4},"end":{"line":44,"column":5}},{"start":{"line":42,"column":11},"end":{"line":44,"column":5}}],"line":40},"1":{"loc":{"start":{"line":65,"column":4},"end":{"line":67,"column":5}},"type":"if","locations":[{"start":{"line":65,"column":4},"end":{"line":67,"column":5}},{"start":{},"end":{}}],"line":65},"2":{"loc":{"start":{"line":83,"column":4},"end":{"line":85,"column":5}},"type":"if","locations":[{"start":{"line":83,"column":4},"end":{"line":85,"column":5}},{"start":{},"end":{}}],"line":83}},"s":{"0":1,"1":28,"2":28,"3":5,"4":5,"5":11,"6":5,"7":3,"8":4,"9":4,"10":6,"11":4,"12":6,"13":5,"14":1,"15":3,"16":76,"17":73,"18":3,"19":2,"20":2,"21":1,"22":10,"23":9,"24":23,"25":5,"26":8,"27":7,"28":2,"29":1,"30":0,"31":0,"32":0,"33":2,"34":6,"35":0,"36":0,"37":2,"38":4,"39":1,"40":3,"41":1,"42":3,"43":1,"44":1,"45":2,"46":1,"47":1},"f":{"0":28,"1":5,"2":11,"3":3,"4":4,"5":6,"6":6,"7":5,"8":1,"9":3,"10":76,"11":2,"12":2,"13":1,"14":10,"15":23,"16":8,"17":2,"18":0,"19":2,"20":6,"21":0,"22":0,"23":2,"24":4,"25":1,"26":3,"27":1,"28":3,"29":1,"30":1,"31":2},"b":{"0":[73,3],"1":[5,18],"2":[0,0]},"_coverageSchema":"1a1c01bbd47fc00a2c39e90264f33305004495a9","hash":"92bc202f025919062e094b8af1d1dcda02128df4"}
}
