TN:
SF:todo.js
FN:5,(anonymous_0)
FN:10,(anonymous_1)
FN:15,(anonymous_2)
FN:19,(anonymous_3)
FN:23,(anonymous_4)
FN:27,(anonymous_5)
FNF:6
FNH:6
FNDA:66,(anonymous_0)
FNDA:11,(anonymous_1)
FNDA:15,(anonymous_2)
FNDA:1,(anonymous_3)
FNDA:33,(anonymous_4)
FNDA:3,(anonymous_5)
DA:2,1
DA:3,1
DA:6,66
DA:7,66
DA:11,11
DA:12,11
DA:16,15
DA:20,1
DA:24,33
DA:28,3
DA:32,1
LF:11
LH:11
BRDA:11,0,0,6
BRDA:11,0,1,5
BRF:2
BRH:2
end_of_record
TN:
SF:todolist.js
FN:4,(anonymous_0)
FN:9,(anonymous_1)
FN:11,(anonymous_2)
FN:16,(anonymous_3)
FN:20,(anonymous_4)
FN:23,(anonymous_5)
FN:27,(anonymous_6)
FN:31,(anonymous_7)
FN:35,(anonymous_8)
FN:36,(anonymous_9)
FN:39,(anonymous_10)
FN:47,(anonymous_11)
FN:51,(anonymous_12)
FN:55,(anonymous_13)
FN:59,(anonymous_14)
FN:64,(anonymous_15)
FN:70,(anonymous_16)
FN:75,(anonymous_17)
FN:80,(anonymous_18)
FN:88,(anonymous_19)
FN:89,(anonymous_20)
FN:92,(anonymous_21)
FN:93,(anonymous_22)
FN:96,(anonymous_23)
FN:97,(anonymous_24)
FN:100,(anonymous_25)
FN:101,(anonymous_26)
FN:104,(anonymous_27)
FN:105,(anonymous_28)
FN:108,(anonymous_29)
FN:112,(anonymous_30)
FN:116,(anonymous_31)
FNF:32
FNH:29
FNDA:28,(anonymous_0)
FNDA:5,(anonymous_1)
FNDA:11,(anonymous_2)
FNDA:3,(anonymous_3)
FNDA:4,(anonymous_4)
FNDA:6,(anonymous_5)
FNDA:6,(anonymous_6)
FNDA:5,(anonymous_7)
FNDA:1,(anonymous_8)
FNDA:3,(anonymous_9)
FNDA:76,(anonymous_10)
FNDA:2,(anonymous_11)
FNDA:2,(anonymous_12)
FNDA:1,(anonymous_13)
FNDA:10,(anonymous_14)
FNDA:23,(anonymous_15)
FNDA:8,(anonymous_16)
FNDA:2,(anonymous_17)
FNDA:0,(anonymous_18)
FNDA:2,(anonymous_19)
FNDA:6,(anonymous_20)
FNDA:0,(anonymous_21)
FNDA:0,(anonymous_22)
FNDA:2,(anonymous_23)
FNDA:4,(anonymous_24)
FNDA:1,(anonymous_25)
FNDA:3,(anonymous_26)
FNDA:1,(anonymous_27)
FNDA:3,(anonymous_28)
FNDA:1,(anonymous_29)
FNDA:1,(anonymous_30)
FNDA:2,(anonymous_31)
DA:1,1
DA:5,28
DA:6,28
DA:10,5
DA:11,11
DA:12,5
DA:17,3
DA:21,4
DA:22,4
DA:23,6
DA:24,4
DA:28,6
DA:32,5
DA:36,3
DA:40,76
DA:41,73
DA:43,3
DA:48,2
DA:52,2
DA:56,1
DA:60,10
DA:61,9
DA:65,23
DA:66,5
DA:71,8
DA:72,7
DA:76,2
DA:77,1
DA:81,0
DA:83,0
DA:84,0
DA:89,6
DA:93,0
DA:97,4
DA:101,3
DA:105,3
DA:109,1
DA:113,1
DA:117,2
DA:118,1
DA:122,1
LF:41
LH:37
BRDA:40,0,0,73
BRDA:40,0,1,3
BRDA:65,1,0,5
BRDA:65,1,1,18
BRDA:83,2,0,0
BRDA:83,2,1,0
BRF:6
BRH:4
end_of_record
