<?xml version="1.0" encoding="UTF-8"?>
<coverage generated="1693331006784" clover="3.2.0">
  <project timestamp="1693331006784" name="All files">
    <metrics statements="11" coveredstatements="11" conditionals="4" coveredconditionals="4" methods="5" coveredmethods="5" elements="20" coveredelements="20" complexity="0" loc="11" ncloc="11" packages="1" files="1" classes="1"/>
    <file name="anagram.js" path="/home/ec2-user/environment/js130/exercises/JavaScriptChallenges/Anagrams/anagram.js">
      <metrics statements="11" coveredstatements="11" conditionals="4" coveredconditionals="4" methods="5" coveredmethods="5"/>
      <line num="3" count="10" type="stmt"/>
      <line num="7" count="10" type="stmt"/>
      <line num="8" count="34" type="stmt"/>
      <line num="13" count="36" type="stmt"/>
      <line num="17" count="34" type="stmt"/>
      <line num="18" count="34" type="cond" truecount="4" falsecount="0"/>
      <line num="19" count="16" type="stmt"/>
      <line num="22" count="18" type="stmt"/>
      <line num="23" count="18" type="stmt"/>
      <line num="25" count="18" type="stmt"/>
      <line num="29" count="1" type="stmt"/>
    </file>
  </project>
</coverage>
